Using pre-set license
Built from '2020.2/release' branch; Version is '2020.2.4f1 (becced5a802b) revision 12504301'; Using compiler version '192528614'; Build Type 'Release'
OS: 'Windows 10 Home; OS build 19041.985; Version 2004; 64bit' Language: 'ru' Physical Memory: 8076 MB
BatchMode: 1, IsHumanControllingUs: 0, StartBugReporterOnCrash: 0, Is64bit: 1, IsPro: 0

 COMMAND LINE ARGUMENTS:
C:\Program Files\Unity\Hub\Editor\2020.2.4f1\Editor\Unity.exe
-adb2
-batchMode
-noUpm
-name
AssetImportWorker0
-projectPath
D:/Lisen/Kvantik
-logFile
Logs/AssetImportWorker0.log
-srvPort
50564
Successfully changed project path to: D:/Lisen/Kvantik
D:/Lisen/Kvantik
Using Asset Import Pipeline V2.
Refreshing native plugins compatible for Editor in 76.80 ms, found 0 plugins.
Preloading 0 native plugins for Editor in 0.00 ms.
Initialize engine version: 2020.2.4f1 (becced5a802b)
[Subsystems] Discovering subsystems at path C:/Program Files/Unity/Hub/Editor/2020.2.4f1/Editor/Data/Resources/UnitySubsystems
[Subsystems] Discovering subsystems at path D:/Lisen/Kvantik/Assets
GfxDevice: creating device client; threaded=0
Direct3D:
    Version:  Direct3D 11.0 [level 11.1]
    Renderer: NVIDIA GeForce GTX 1050 (ID=0x1c8d)
    Vendor:   
    VRAM:     4021 MB
    Driver:   27.21.14.6140
Shader 'Universal Render Pipeline/Particles/Lit': fallback shader 'Universal Render Pipeline/Particles/SimpleLit' not found
Initialize mono
Mono path[0] = 'C:/Program Files/Unity/Hub/Editor/2020.2.4f1/Editor/Data/Managed'
Mono path[1] = 'C:/Program Files/Unity/Hub/Editor/2020.2.4f1/Editor/Data/MonoBleedingEdge/lib/mono/unityjit'
Mono config path = 'C:/Program Files/Unity/Hub/Editor/2020.2.4f1/Editor/Data/MonoBleedingEdge/etc'
Using monoOptions --debugger-agent=transport=dt_socket,embedding=1,server=y,suspend=n,address=127.0.0.1:56508
Begin MonoManager ReloadAssembly
Registering precompiled unity dll's ...
Register platform support module: C:/Program Files/Unity/Hub/Editor/2020.2.4f1/Editor/Data/PlaybackEngines/WindowsStandaloneSupport/UnityEditor.WindowsStandalone.Extensions.dll
Registered in 0.003819 seconds.
Native extension for WindowsStandalone target not found
Refreshing native plugins compatible for Editor in 53.85 ms, found 0 plugins.
Preloading 0 native plugins for Editor in 0.00 ms.
Invoked RoslynAnalysisRunner static constructor.
RoslynAnalysisRunner will not be running.
RoslynAnalysisRunner has terminated.
Mono: successfully reloaded assembly
- Completed reload, in  4.477 seconds
Platform modules already initialized, skipping
Registering precompiled user dll's ...
Registered in 0.005811 seconds.
Begin MonoManager ReloadAssembly
Native extension for WindowsStandalone target not found
Refreshing native plugins compatible for Editor in 54.73 ms, found 0 plugins.
Preloading 0 native plugins for Editor in 0.00 ms.
Invoked RoslynAnalysisRunner static constructor.
RoslynAnalysisRunner will not be running.
RoslynAnalysisRunner has terminated.
Mono: successfully reloaded assembly
- Completed reload, in  1.914 seconds
Platform modules already initialized, skipping
========================================================================
Worker process is ready to serve import requests
Shader 'Universal Render Pipeline/Particles/Lit': fallback shader 'Universal Render Pipeline/Particles/SimpleLit' not found
Launched and connected shader compiler UnityShaderCompiler.exe after 0.05 seconds
Refreshing native plugins compatible for Editor in 0.45 ms, found 0 plugins.
Preloading 0 native plugins for Editor in 0.00 ms.
Unloading 2503 Unused Serialized files (Serialized files now loaded: 0)
System memory in use before: 119.7 MB.
System memory in use after: 119.9 MB.

Unloading 10 unused Assets to reduce memory usage. Loaded Objects now: 2955.
Total: 3.372000 ms (FindLiveObjects: 0.818900 ms CreateObjectMapping: 0.525900 ms MarkObjects: 1.891000 ms  DeleteObjects: 0.135300 ms)

========================================================================
Received Import Request.
  path: Assets/Video/pag2.mp4
  artifactKey: Guid(b5b0da969b7eb2b46b0e04ff0cd97d24) Importer(815301076,1909f56bfc062723c751e8b465ee728b)
Start importing Assets/Video/pag2.mp4 using Guid(b5b0da969b7eb2b46b0e04ff0cd97d24) Importer(815301076,1909f56bfc062723c751e8b465ee728b)  -> (artifact id: '0bd89f94d3e3c86afc6c1ba9c347582a') in 0.119071 seconds
  Import took 0.125684 seconds .

========================================================================
Received Import Request.
  Time since last request: 0.000702 seconds.
  path: Assets/Video/page4.webm
  artifactKey: Guid(9c2c5b88269567d4bb7ea4bd6a9494dd) Importer(815301076,1909f56bfc062723c751e8b465ee728b)
Start importing Assets/Video/page4.webm using Guid(9c2c5b88269567d4bb7ea4bd6a9494dd) Importer(815301076,1909f56bfc062723c751e8b465ee728b)  -> (artifact id: '78f233560f72be0ef883f0316d15de60') in 0.015278 seconds
  Import took 0.023483 seconds .

========================================================================
Received Import Request.
  Time since last request: 0.000270 seconds.
  path: Assets/Video/page5-2.webm
  artifactKey: Guid(db42da52f4b67d04f9e1a3a06310ef5a) Importer(815301076,1909f56bfc062723c751e8b465ee728b)
Start importing Assets/Video/page5-2.webm using Guid(db42da52f4b67d04f9e1a3a06310ef5a) Importer(815301076,1909f56bfc062723c751e8b465ee728b)  -> (artifact id: 'daf0d761eb87103eaa9f0518fe199dc1') in 0.008842 seconds
  Import took 0.016014 seconds .

========================================================================
Received Import Request.
  Time since last request: 0.000302 seconds.
  path: Assets/Video/page5.webm
  artifactKey: Guid(c5d8ee7d0d1297544914d97ed63e2b76) Importer(815301076,1909f56bfc062723c751e8b465ee728b)
Start importing Assets/Video/page5.webm using Guid(c5d8ee7d0d1297544914d97ed63e2b76) Importer(815301076,1909f56bfc062723c751e8b465ee728b)  -> (artifact id: '3a1c3f926e891f4b34955d27aa339487') in 0.018257 seconds
  Import took 0.025424 seconds .

